Mon, 22 Mar 2010 12:25:27 GMT ~ debug ~ (0.000000) SET sql_auto_is_null = 0
Mon, 22 Mar 2010 12:25:27 GMT ~ debug ~ (0.000000) SET SESSION sql_mode = 'ANSI,NO_BACKSLASH_ESCAPES,NO_DIR_IN_CREATE,NO_ENGINE_SUBSTITUTION,NO_UNSIGNED_SUBTRACTION,TRADITIONAL'
Mon, 22 Mar 2010 12:25:27 GMT ~ debug ~ (0.000000) SHOW TABLES LIKE 'artists'
Mon, 22 Mar 2010 12:25:27 GMT ~ debug ~ (0.000000) SHOW COLUMNS FROM `artists` LIKE 'id'
Mon, 22 Mar 2010 12:25:27 GMT ~ debug ~ (0.000000) SHOW COLUMNS FROM `artists` LIKE 'artistname'
Mon, 22 Mar 2010 12:25:27 GMT ~ debug ~ (0.000000) SHOW COLUMNS FROM `artists` LIKE 'artistnote'
Mon, 22 Mar 2010 12:25:27 GMT ~ debug ~ (0.000000) SHOW COLUMNS FROM `artists` LIKE 'artistlink'
Mon, 22 Mar 2010 12:25:27 GMT ~ debug ~ (0.000000) SHOW COLUMNS FROM `artists` LIKE 'created_at'
Mon, 22 Mar 2010 12:25:27 GMT ~ debug ~ (0.000000) SHOW TABLES LIKE 'albums'
Mon, 22 Mar 2010 12:25:27 GMT ~ debug ~ (0.000000) SHOW COLUMNS FROM `albums` LIKE 'id'
Mon, 22 Mar 2010 12:25:27 GMT ~ debug ~ (0.000000) SHOW COLUMNS FROM `albums` LIKE 'albumname'
Mon, 22 Mar 2010 12:25:27 GMT ~ debug ~ (0.000000) SHOW COLUMNS FROM `albums` LIKE 'albumimage'
Mon, 22 Mar 2010 12:25:27 GMT ~ debug ~ (0.000000) SHOW COLUMNS FROM `albums` LIKE 'created_at'
Mon, 22 Mar 2010 12:25:27 GMT ~ debug ~ (0.000000) SHOW TABLES LIKE 'tracks'
Mon, 22 Mar 2010 12:25:27 GMT ~ debug ~ (0.000000) SHOW COLUMNS FROM `tracks` LIKE 'id'
Mon, 22 Mar 2010 12:25:27 GMT ~ debug ~ (0.000000) SHOW COLUMNS FROM `tracks` LIKE 'title'
Mon, 22 Mar 2010 12:25:27 GMT ~ debug ~ (0.000000) SHOW COLUMNS FROM `tracks` LIKE 'tracknote'
Mon, 22 Mar 2010 12:25:27 GMT ~ debug ~ (0.000000) SHOW COLUMNS FROM `tracks` LIKE 'tracklink'
Mon, 22 Mar 2010 12:25:27 GMT ~ debug ~ (0.000000) SHOW COLUMNS FROM `tracks` LIKE 'show'
Mon, 22 Mar 2010 12:25:27 GMT ~ debug ~ (0.000000) SHOW COLUMNS FROM `tracks` LIKE 'talent'
Mon, 22 Mar 2010 12:25:27 GMT ~ debug ~ (0.000000) SHOW COLUMNS FROM `tracks` LIKE 'aust'
Mon, 22 Mar 2010 12:25:27 GMT ~ debug ~ (0.000000) SHOW COLUMNS FROM `tracks` LIKE 'duration'
Mon, 22 Mar 2010 12:25:27 GMT ~ debug ~ (0.000000) SHOW COLUMNS FROM `tracks` LIKE 'publisher'
Mon, 22 Mar 2010 12:25:27 GMT ~ debug ~ (0.000000) SHOW COLUMNS FROM `tracks` LIKE 'datecopyrighted'
Mon, 22 Mar 2010 12:25:27 GMT ~ debug ~ (0.000000) SHOW COLUMNS FROM `tracks` LIKE 'created_at'
Mon, 22 Mar 2010 12:25:27 GMT ~ debug ~ (0.000000) SHOW TABLES LIKE 'plays'
Mon, 22 Mar 2010 12:25:27 GMT ~ debug ~ (0.004000) SHOW COLUMNS FROM `plays` LIKE 'id'
Mon, 22 Mar 2010 12:25:27 GMT ~ debug ~ (0.000000) SHOW COLUMNS FROM `plays` LIKE 'playedtime'
Mon, 22 Mar 2010 12:25:27 GMT ~ debug ~ (0.000000) SHOW COLUMNS FROM `plays` LIKE 'track_id'
Mon, 22 Mar 2010 12:25:27 GMT ~ debug ~ (0.000000) SHOW COLUMNS FROM `plays` LIKE 'channel_id'
Mon, 22 Mar 2010 12:25:27 GMT ~ debug ~ (0.000000) SHOW TABLES LIKE 'channels'
Mon, 22 Mar 2010 12:25:27 GMT ~ debug ~ (0.000000) SHOW COLUMNS FROM `channels` LIKE 'id'
Mon, 22 Mar 2010 12:25:27 GMT ~ debug ~ (0.000000) SHOW COLUMNS FROM `channels` LIKE 'channelname'
Mon, 22 Mar 2010 12:25:27 GMT ~ debug ~ (0.000000) SHOW TABLES LIKE 'artist_tracks'
Mon, 22 Mar 2010 12:25:27 GMT ~ debug ~ (0.000000) SHOW COLUMNS FROM `artist_tracks` LIKE 'artist_id'
Mon, 22 Mar 2010 12:25:27 GMT ~ debug ~ (0.000000) SHOW COLUMNS FROM `artist_tracks` LIKE 'track_id'
Mon, 22 Mar 2010 12:25:27 GMT ~ debug ~ (0.000000) SHOW TABLES LIKE 'album_tracks'
Mon, 22 Mar 2010 12:25:27 GMT ~ debug ~ (0.000000) SHOW COLUMNS FROM `album_tracks` LIKE 'album_id'
Mon, 22 Mar 2010 12:25:27 GMT ~ debug ~ (0.000000) SHOW COLUMNS FROM `album_tracks` LIKE 'track_id'
Mon, 22 Mar 2010 12:25:27 GMT ~ debug ~ (0.000000) select sum(cnt) as count, har.artistname from (select artists.artistname, artists.id, artist_tracks.artist_id, count(*) as cnt from tracks, plays, artists, artist_tracks where tracks.id=plays.track_id AND tracks.id=artist_tracks.track_id AND artist_tracks.artist_id= artists.id group by tracks.id) as har group by har.artistname order by count desc
Mon, 22 Mar 2010 12:30:19 GMT ~ debug ~ (0.000000) SET sql_auto_is_null = 0
Mon, 22 Mar 2010 12:30:19 GMT ~ debug ~ (0.000000) SET SESSION sql_mode = 'ANSI,NO_BACKSLASH_ESCAPES,NO_DIR_IN_CREATE,NO_ENGINE_SUBSTITUTION,NO_UNSIGNED_SUBTRACTION,TRADITIONAL'
Mon, 22 Mar 2010 12:30:19 GMT ~ debug ~ (0.000000) SELECT COUNT(*) FROM `artists`
Mon, 22 Mar 2010 12:30:19 GMT ~ debug ~ (0.000000) SELECT COUNT(*) FROM `tracks`
Mon, 22 Mar 2010 12:30:19 GMT ~ debug ~ (0.000000) SELECT COUNT(*) FROM `plays`
Mon, 22 Mar 2010 12:30:19 GMT ~ debug ~ (0.000000) SELECT COUNT(*) FROM `albums`
